<?xml version="1.0" encoding="UTF-8"?>
<!-- Generated by org.testng.reporters.JUnitReportReporter -->
<testsuite hostname="rakeshs-Air" failures="0" tests="2" name="com.crm.qa.testcases.LoginPageTest" time="9.802" errors="0" timestamp="2020-05-12T12:31:04 BST" skipped="0">
  <testcase classname="com.crm.qa.testcases.LoginPageTest" name="loginPageTitleTest" time="5.147"/>
  <system-out/>
  <testcase classname="com.crm.qa.testcases.LoginPageTest" name="loginTest" time="4.655"/>
  <system-out/>
</testsuite> <!-- com.crm.qa.testcases.LoginPageTest -->
