<?xml version="1.0" encoding="UTF-8"?>
<!-- Generated by org.testng.reporters.JUnitReportReporter -->
<testsuite hostname="rakeshs-Air" failures="0" tests="5" name="com.crm.qa.testcases.HomePageTest" time="33.029" errors="0" timestamp="2020-05-12T12:31:04 BST" skipped="0">
  <testcase classname="com.crm.qa.testcases.HomePageTest" name="homePageTitleTest" time="5.148"/>
  <system-out/>
  <testcase classname="com.crm.qa.testcases.HomePageTest" name="verifyCorrectUsernameTest" time="7.788"/>
  <system-out/>
  <testcase classname="com.crm.qa.testcases.HomePageTest" name="clickOnContactLinkTest" time="6.672"/>
  <system-out/>
  <testcase classname="com.crm.qa.testcases.HomePageTest" name="clickOnDealsLinkTest" time="6.499"/>
  <system-out/>
  <testcase classname="com.crm.qa.testcases.HomePageTest" name="clickOnTasksLinkTest" time="6.922"/>
  <system-out/>
</testsuite> <!-- com.crm.qa.testcases.HomePageTest -->
