<?xml version="1.0" encoding="UTF-8"?>
<!-- Generated by org.testng.reporters.JUnitReportReporter -->
<testsuite hostname="rakeshs-Air" failures="0" tests="5" name="com.crm.qa.testcases.ContactsPageTest" time="50.724" errors="0" timestamp="2020-05-12T12:31:04 BST" skipped="0">
  <testcase classname="com.crm.qa.testcases.ContactsPageTest" name="selectContactByNameTest" time="9.064"/>
  <system-out/>
  <testcase classname="com.crm.qa.testcases.ContactsPageTest" name="selectMultipleContactByNameTest" time="12.330"/>
  <system-out/>
  <testcase classname="com.crm.qa.testcases.ContactsPageTest" name="verifyContactLableTest" time="8.334"/>
  <system-out/>
  <testcase classname="com.crm.qa.testcases.ContactsPageTest" name="CreateNewContactTest" time="10.904"/>
  <system-out/>
  <testcase classname="com.crm.qa.testcases.ContactsPageTest" name="CreateNewContactTest" time="10.092"/>
  <system-out/>
</testsuite> <!-- com.crm.qa.testcases.ContactsPageTest -->
