<?xml version="1.0" encoding="UTF-8"?>
<!-- Generated by org.testng.reporters.JUnitReportReporter -->
<testsuite skipped="0" hostname="rakeshs-Air" name="com.crm.qa.testcases.ContactsPageTest" tests="5" failures="0" timestamp="2020-05-12T18:23:29 BST" time="52.288" errors="0">
  <testcase name="selectContactByNameTest" time="9.362" classname="com.crm.qa.testcases.ContactsPageTest"/>
  <system-out/>
  <testcase name="selectMultipleContactByNameTest" time="13.613" classname="com.crm.qa.testcases.ContactsPageTest"/>
  <system-out/>
  <testcase name="verifyContactLableTest" time="8.499" classname="com.crm.qa.testcases.ContactsPageTest"/>
  <system-out/>
  <testcase name="CreateNewContactTest" time="10.513" classname="com.crm.qa.testcases.ContactsPageTest"/>
  <system-out/>
  <testcase name="CreateNewContactTest" time="10.301" classname="com.crm.qa.testcases.ContactsPageTest"/>
  <system-out/>
</testsuite> <!-- com.crm.qa.testcases.ContactsPageTest -->
