<?xml version="1.0" encoding="UTF-8"?>
<!-- Generated by org.testng.reporters.JUnitReportReporter -->
<testsuite skipped="0" hostname="rakeshs-Air" name="com.crm.qa.testcases.LoginPageTest" tests="2" failures="0" timestamp="2020-05-12T18:23:29 BST" time="11.535" errors="0">
  <testcase name="loginPageTitleTest" time="3.984" classname="com.crm.qa.testcases.LoginPageTest"/>
  <system-out/>
  <testcase name="loginTest" time="7.551" classname="com.crm.qa.testcases.LoginPageTest"/>
  <system-out/>
</testsuite> <!-- com.crm.qa.testcases.LoginPageTest -->
