<?xml version="1.0" encoding="UTF-8"?>
<!-- Generated by org.testng.reporters.JUnitReportReporter -->
<testsuite skipped="0" hostname="rakeshs-Air" name="com.crm.qa.testcases.HomePageTest" tests="5" failures="0" timestamp="2020-05-12T18:23:29 BST" time="32.177" errors="0">
  <testcase name="homePageTitleTest" time="4.691" classname="com.crm.qa.testcases.HomePageTest"/>
  <system-out/>
  <testcase name="verifyCorrectUsernameTest" time="7.327" classname="com.crm.qa.testcases.HomePageTest"/>
  <system-out/>
  <testcase name="clickOnContactLinkTest" time="7.414" classname="com.crm.qa.testcases.HomePageTest"/>
  <system-out/>
  <testcase name="clickOnDealsLinkTest" time="6.313" classname="com.crm.qa.testcases.HomePageTest"/>
  <system-out/>
  <testcase name="clickOnTasksLinkTest" time="6.432" classname="com.crm.qa.testcases.HomePageTest"/>
  <system-out/>
</testsuite> <!-- com.crm.qa.testcases.HomePageTest -->
